<?xml version="1.0" encoding="UTF-8"?>
<testng-results skipped="0" failed="0" ignored="0" total="1" passed="1">
  <reporter-output>
  </reporter-output>
  <suite name="Default suite" duration-ms="9994" started-at="2020-09-04T00:22:04 PDT" finished-at="2020-09-04T00:22:14 PDT">
    <groups>
    </groups>
    <test name="Default test" duration-ms="9994" started-at="2020-09-04T00:22:04 PDT" finished-at="2020-09-04T00:22:14 PDT">
      <class name="com.test.hrm.NewTest">
        <test-method status="PASS" signature="f()[pri:0, instance:com.test.hrm.NewTest@520a3426]" name="f" duration-ms="9910" started-at="2020-09-04T00:22:04 PDT" finished-at="2020-09-04T00:22:14 PDT">
          <reporter-output>
          </reporter-output>
        </test-method> <!-- f -->
      </class> <!-- com.test.hrm.NewTest -->
    </test> <!-- Default test -->
  </suite> <!-- Default suite -->
</testng-results>
